Parameters: Namespace(dimE0=1, iters=3, loadsheaf=True, log='./outputs/LSVq1_sheafdim65_1_3_17747_i3r12.log', mode='cb', nolog=False, nooutput=False, output='./outputs/LSVq1_sheafdim65_1_3_17747_i3r12.pkl', randseed=12, sheaf='./sheaves/LSVq1_sheafdim65_1_3_17747.pkl')

Loading sheaf from ./sheaves/LSVq1_sheafdim65_1_3_17747.pkl... done.
Sheaf dimension = 65
Initializing modification process... 
done.
dim(E0) = 1
--Stage 0 begins.
Begin stage 0
Computing sheaf C generated by 1-cochains... done.
Computing basis to H^2(C)... done. Basis len = 1912
Computing dual basis to H^2(F)... done. Basis len = 17747
Computing basis to ker(H^2(C)->H^2(F)) [Forming matrix]... done.
Computing basis to ker(H^2(C)->H^2(F)) [Solving equations]... done. Basis len = 3
Computing basis to E'0... done. Basis len = 3
dim(E'0) = 3
--Stage 1 begins.
Begin stage 1
Computing sheaf C generated by 1-cochains... done.
Computing basis to H^2(C)... done. Basis len = 7645
Computing dual basis to H^2(F)... done. Basis len = 17747
Computing basis to ker(H^2(C)->H^2(F)) [Forming matrix]... done.
Computing basis to ker(H^2(C)->H^2(F)) [Solving equations]... done. Basis len = 3
Computing basis to E'1... done. Basis len = 3
dim(E'1) = 3
--Stage 2 begins.
Begin stage 2
Computing sheaf C generated by 1-cochains... done.
Computing basis to H^2(C)... done. Basis len = 13378
Computing dual basis to H^2(F)... done. Basis len = 17747
Computing basis to ker(H^2(C)->H^2(F)) [Forming matrix]... done.
Computing basis to ker(H^2(C)->H^2(F)) [Solving equations]... done. Basis len = 6
Computing basis to E'2... done. Basis len = 6
dim(E'2) = 6
Begin stage 3
Computing sheaf C generated by 1-cochains... done.
Computing basis to H^2(C)... done. Basis len = 24844
Computing dual basis to H^2(F)... done. Basis len = 17747
Computing basis to ker(H^2(C)->H^2(F)) [Forming matrix]... done.
Computing basis to ker(H^2(C)->H^2(F)) [Solving equations]... done. Basis len = 7097
Computing basis to E'3... done. Basis len = 7097
