Parameters: Namespace(dimE0=1, iters=3, log=None, mode='cb', nolog=False, nooutput=False, output=None, randseed=7, sheaf='LSVq1_sheafdim33_1_3_9011')

Constructing sheaf... done.
Sheaf dimension = 33
Initializing modification process... 
done.
dim(E0) = 1
--Stage 0 begins.
Begin stage 0
Computing sheaf C generated by 1-cochains... done.
Computing basis to H^2(C)... done. Basis len = 1912
Computing dual basis to H^2(F)... done. Basis len = 9011
Computing basis to ker(H^2(C)->H^2(F)) [Forming matrix]... done.
Computing basis to ker(H^2(C)->H^2(F)) [Solving equations]... done. Basis len = 3
Computing basis to E'0... done. Basis len = 3
dim(E'0) = 3
--Stage 1 begins.
Begin stage 1
Computing sheaf C generated by 1-cochains... done.
Computing basis to H^2(C)... done. Basis len = 7645
Computing dual basis to H^2(F)... done. Basis len = 9011
Computing basis to ker(H^2(C)->H^2(F)) [Forming matrix]... done.
Computing basis to ker(H^2(C)->H^2(F)) [Solving equations]... done. Basis len = 3
Computing basis to E'1... done. Basis len = 3
dim(E'1) = 3
--Stage 2 begins.
Begin stage 2
Computing sheaf C generated by 1-cochains... done.
Computing basis to H^2(C)... done. Basis len = 13378
Computing dual basis to H^2(F)... done. Basis len = 9011
Computing basis to ker(H^2(C)->H^2(F)) [Forming matrix]... done.
Computing basis to ker(H^2(C)->H^2(F)) [Solving equations]... done. Basis len = 4367
Computing basis to E'2... done. Basis len = 4367
dim(E'2) = 4367
