Parameters: Namespace(dimE0=1, iters=3, log=None, mode='cb', nolog=False, nooutput=False, output=None, randseed=7, sheaf='LSVq1_sheafdim32_0_0_9009')

Constructing sheaf... done.
Sheaf dimension = 32
Initializing modification process... 
done.
dim(E0) = 1
--Stage 0 begins.
Begin stage 0
Computing sheaf C generated by 1-cochains... done.
Computing basis to H^2(C)... done. Basis len = 1912
Computing dual basis to H^2(F)... done. Basis len = 8736
Computing basis to ker(H^2(C)->H^2(F)) [Forming matrix]... done.
Computing basis to ker(H^2(C)->H^2(F)) [Solving equations]... done. Basis len = 3
Computing basis to E'0... done. Basis len = 3
dim(E'0) = 3
--Stage 1 begins.
Begin stage 1
Computing sheaf C generated by 1-cochains... done.
Computing basis to H^2(C)... done. Basis len = 7645
Computing dual basis to H^2(F)... done. Basis len = 8736
Computing basis to ker(H^2(C)->H^2(F)) [Forming matrix]... done.
Computing basis to ker(H^2(C)->H^2(F)) [Solving equations]... done. Basis len = 6
Computing basis to E'1... done. Basis len = 6
dim(E'1) = 6
--Stage 2 begins.
Begin stage 2
Computing sheaf C generated by 1-cochains... done.
Computing basis to H^2(C)... done. Basis len = 19111
Computing dual basis to H^2(F)... done. Basis len = 8736
Computing basis to ker(H^2(C)->H^2(F)) [Forming matrix]... done.
Computing basis to ker(H^2(C)->H^2(F)) [Solving equations]... done. Basis len = 10375
Computing basis to E'2... done. Basis len = 10375
dim(E'2) = 10375
