Parameters: Namespace(sheaf='./sheaves/LSVq1_sheafdim33_1_3_9011.pkl', randseed=566, iters=2, output=None, log='./outputs/LSVq1_sheafdim33_1_3_9011_cy3i2r566.log', mode='cy', dimE0=3, nolog=False, nooutput=True, loadsheaf=True)

Loading sheaf from ./sheaves/LSVq1_sheafdim33_1_3_9011.pkl... done.
Sheaf dimension = 33
Initializing modification process... 
done.
dim(E0) = 3
--Stage 0 begins.
Begin stage 0
Computing sheaf C generated by 1-cochains... done.
Computing basis to H^2(C)... done. Basis len = 5736
Computing dual basis to H^2(F)... done. Basis len = 9011
Computing basis to ker(H^2(C)->H^2(F)) [Forming matrix]... done.
Computing basis to ker(H^2(C)->H^2(F)) [Solving equations]... done. Basis len = 6
Computing basis to E'0... done. Basis len = 6
dim(E'0) = 6
--Stage 1 begins.
Begin stage 1
Computing sheaf C generated by 1-cochains... done.
Computing basis to H^2(C)... done. Basis len = 17202
Computing dual basis to H^2(F)... done. Basis len = 9011
Computing basis to ker(H^2(C)->H^2(F)) [Forming matrix]... 