Parameters: Namespace(sheaf='./sheaves/LSVq1_sheafdim50_2_6_9286.pkl', randseed=14, iters=3, output='./outputs/LSVq1_sheafdim50_2_6_9286_cb1i3r14.pkl', log='./outputs/LSVq1_sheafdim50_2_6_9286_cb1i3r14.log', mode='cb', dimE0=1, nolog=False, nooutput=False, loadsheaf=True)

Loading sheaf from ./sheaves/LSVq1_sheafdim50_2_6_9286.pkl... done.
Sheaf dimension = 50
Initializing modification process... 
done.
dim(E0) = 1
--Stage 0 begins.
Begin stage 0
Computing sheaf C generated by 1-cochains... done.
Computing basis to H^2(C)... done. Basis len = 1912
Computing dual basis to H^2(F)... done. Basis len = 13654
Computing basis to ker(H^2(C)->H^2(F)) [Forming matrix]... done.
Computing basis to ker(H^2(C)->H^2(F)) [Solving equations]... done. Basis len = 3
Computing basis to E'0... done. Basis len = 3
dim(E'0) = 3
--Stage 1 begins.
Begin stage 1
Computing sheaf C generated by 1-cochains... done.
Computing basis to H^2(C)... done. Basis len = 7645
Computing dual basis to H^2(F)... done. Basis len = 13654
Computing basis to ker(H^2(C)->H^2(F)) [Forming matrix]... done.
Computing basis to ker(H^2(C)->H^2(F)) [Solving equations]... done. Basis len = 0
Computing basis to E'1... done. Basis len = 0
dim(E'1) = 0
--Stage 2 begins.
Begin stage 2
Computing sheaf C generated by 1-cochains... done.
Computing basis to H^2(C)... done. Basis len = 7645
Computing dual basis to H^2(F)... done. Basis len = 13654
Computing basis to ker(H^2(C)->H^2(F)) [Forming matrix]... done.
Computing basis to ker(H^2(C)->H^2(F)) [Solving equations]... done. Basis len = 0
Computing basis to E'2... done. Basis len = 0
dim(E'2) = 0
