Parameters: Namespace(dimE0=1, iters=3, loadsheaf=False, log=None, mode='cb', nolog=False, nooutput=False, output=None, randseed=16, sheaf='torus3dim_sheafdim35_1_4_5')

Constructing sheaf torus3dim_sheafdim35_1_4_5... done.
Sheaf dimension = 35
Initializing modification process... 
done.
dim(E0) = 1
--Stage 0 begins.
Begin stage 0
Computing sheaf C generated by 1-cochains... done.
Computing basis to H^2(C)... done. Basis len = 3
Computing dual basis to H^2(F)... done. Basis len = 5
Computing basis to ker(H^2(C)->H^2(F)) [Forming matrix]... done.
Computing basis to ker(H^2(C)->H^2(F)) [Solving equations]... done. Basis len = 3
Computing basis to E'0... done. Basis len = 3
dim(E'0) = 3
--Stage 1 begins.
Begin stage 1
Computing sheaf C generated by 1-cochains... done.
Computing basis to H^2(C)... done. Basis len = 6
Computing dual basis to H^2(F)... done. Basis len = 5
Computing basis to ker(H^2(C)->H^2(F)) [Forming matrix]... done.
Computing basis to ker(H^2(C)->H^2(F)) [Solving equations]... done. Basis len = 1
Computing basis to E'1... done. Basis len = 1
dim(E'1) = 1
--Stage 2 begins.
Begin stage 2
Computing sheaf C generated by 1-cochains... done.
Computing basis to H^2(C)... done. Basis len = 5
Computing dual basis to H^2(F)... done. Basis len = 5
Computing basis to ker(H^2(C)->H^2(F)) [Forming matrix]... done.
Computing basis to ker(H^2(C)->H^2(F)) [Solving equations]... done. Basis len = 0
Computing basis to E'2... done. Basis len = 0
dim(E'2) = 0
