Parameters: Namespace(dimE0=2, iters=3, loadsheaf=False, log=None, mode='cb', nolog=False, nooutput=False, output=None, randseed=14, sheaf='torus3dim_sheafdim46_2_8_10')

Constructing sheaf torus3dim_sheafdim46_2_8_10... done.
Sheaf dimension = 46
Initializing modification process... 
done.
dim(E0) = 2
--Stage 0 begins.
Begin stage 0
Computing sheaf C generated by 1-cochains... done.
Computing basis to H^2(C)... done. Basis len = 6
Computing dual basis to H^2(F)... done. Basis len = 10
Computing basis to ker(H^2(C)->H^2(F)) [Forming matrix]... done.
Computing basis to ker(H^2(C)->H^2(F)) [Solving equations]... done. Basis len = 6
Computing basis to E'0... done. Basis len = 6
dim(E'0) = 6
--Stage 1 begins.
Begin stage 1
Computing sheaf C generated by 1-cochains... done.
Computing basis to H^2(C)... done. Basis len = 12
Computing dual basis to H^2(F)... done. Basis len = 10
Computing basis to ker(H^2(C)->H^2(F)) [Forming matrix]... done.
Computing basis to ker(H^2(C)->H^2(F)) [Solving equations]... done. Basis len = 2
Computing basis to E'1... done. Basis len = 2
dim(E'1) = 2
--Stage 2 begins.
Begin stage 2
Computing sheaf C generated by 1-cochains... done.
Computing basis to H^2(C)... done. Basis len = 11
Computing dual basis to H^2(F)... done. Basis len = 10
Computing basis to ker(H^2(C)->H^2(F)) [Forming matrix]... done.
Computing basis to ker(H^2(C)->H^2(F)) [Solving equations]... done. Basis len = 1
Computing basis to E'2... done. Basis len = 1
dim(E'2) = 1
