Parameters: Namespace(sheaf='torus3dim_sheafdim49_1_3_3_mixA', randseed=4, iters=2, output=None, log=None, mode='cy', dimE0=3, nolog=False, nooutput=False, loadsheaf=False)

Constructing sheaf torus3dim_sheafdim49_1_3_3_mixA... done.
Sheaf dimension = 49
Initializing modification process... 
done.
dim(E0) = 3
--Stage 0 begins.
Begin stage 0
Computing sheaf C generated by 1-cochains... done.
Computing basis to H^2(C)... done. Basis len = 9
Computing dual basis to H^2(F)... done. Basis len = 3
Computing basis to ker(H^2(C)->H^2(F)) [Forming matrix]... done.
Computing basis to ker(H^2(C)->H^2(F)) [Solving equations]... done. Basis len = 6
Computing basis to E'0... done. Basis len = 6
dim(E'0) = 6
--Stage 1 begins.
Begin stage 1
Computing sheaf C generated by 1-cochains... done.
Computing basis to H^2(C)... done. Basis len = 13
Computing dual basis to H^2(F)... done. Basis len = 3
Computing basis to ker(H^2(C)->H^2(F)) [Forming matrix]... done.
Computing basis to ker(H^2(C)->H^2(F)) [Solving equations]... done. Basis len = 10
Computing basis to E'1... done. Basis len = 10
dim(E'1) = 10
