Parameters: Namespace(dimE0=1, iters=3, loadsheaf=True, log='./outputs/torus2dim_sheafdim41_1_2_1.log', mode='cb', nolog=False, nooutput=True, output=None, randseed=12, sheaf='./sheaves/torus2dim_sheafdim41_1_2_1.pkl')

Loading sheaf from ./sheaves/torus2dim_sheafdim41_1_2_1.pkl... done.
Sheaf dimension = 41
Initializing modification process... 
done.
dim(E0) = 1
--Stage 0 begins.
Begin stage 0
Computing sheaf C generated by 1-cochains... done.
Computing basis to H^2(C)... done. Basis len = 10
Computing dual basis to H^2(F)... done. Basis len = 1
Computing basis to ker(H^2(C)->H^2(F)) [Forming matrix]... done.
Computing basis to ker(H^2(C)->H^2(F)) [Solving equations]... done. Basis len = 9
Computing basis to E'0... done. Basis len = 9
dim(E'0) = 9
--Stage 1 begins.
Begin stage 1
Computing sheaf C generated by 1-cochains... done.
Computing basis to H^2(C)... done. Basis len = 91
Computing dual basis to H^2(F)... done. Basis len = 1
Computing basis to ker(H^2(C)->H^2(F)) [Forming matrix]... done.
Computing basis to ker(H^2(C)->H^2(F)) [Solving equations]... done. Basis len = 90
Computing basis to E'1... done. Basis len = 90
dim(E'1) = 90
--Stage 2 begins.
Begin stage 2
Computing sheaf C generated by 1-cochains... done.
Computing basis to H^2(C)... done. Basis len = 1
Computing dual basis to H^2(F)... done. Basis len = 1
Computing basis to ker(H^2(C)->H^2(F)) [Forming matrix]... done.
Computing basis to ker(H^2(C)->H^2(F)) [Solving equations]... done. Basis len = 0
Computing basis to E'2... done. Basis len = 0
dim(E'2) = 0
